# JRE version: OpenJDK Runtime Environment (8.0_242-b01) (build 1.8.0_242-release-1644-b01)
# Java VM: OpenJDK 64-Bit Server VM (25.242-b01 mixed mode windows-amd64 compressed oops)
Heap:
 PSYoungGen      total 117760K, used 92722K [0x00000000d5580000, 0x00000000de780000, 0x0000000100000000)
  eden space 112128K, 77% used [0x00000000d5580000,0x00000000daabd898,0x00000000dc300000)
  from space 5632K, 96% used [0x00000000de200000,0x00000000de74f330,0x00000000de780000)
  to   space 11776K, 0% used [0x00000000dd080000,0x00000000dd080000,0x00000000ddc00000)
 ParOldGen       total 73728K, used 14444K [0x0000000080000000, 0x0000000084800000, 0x00000000d5580000)
  object space 73728K, 19% used [0x0000000080000000,0x0000000080e1b1b0,0x0000000084800000)
 Metaspace       used 44566K, capacity 46398K, committed 46632K, reserved 1089536K
  class space    used 6031K, capacity 6415K, committed 6448K, reserved 1048576K
GC Heap History (10 events):
Event: 16.382 GC heap before
{Heap before GC invocations=10 (full 1):
 PSYoungGen      total 64000K, used 60883K [0x00000000d5580000, 0x00000000da300000, 0x0000000100000000)
  eden space 57856K, 100% used [0x00000000d5580000,0x00000000d8e00000,0x00000000d8e00000)
  from space 6144K, 49% used [0x00000000d9d00000,0x00000000d9ff4ff8,0x00000000da300000)
  to   space 10752K, 0% used [0x00000000d8e00000,0x00000000d8e00000,0x00000000d9880000)
 ParOldGen       total 47616K, used 6790K [0x0000000080000000, 0x0000000082e80000, 0x00000000d5580000)
  object space 47616K, 14% used [0x0000000080000000,0x00000000806a1868,0x0000000082e80000)
 Metaspace       used 30882K, capacity 31810K, committed 32048K, reserved 1077248K
  class space    used 4166K, capacity 4368K, committed 4400K, reserved 1048576K
Event: 16.405 GC heap after
Heap after GC invocations=10 (full 1):
 PSYoungGen      total 68608K, used 8615K [0x00000000d5580000, 0x00000000dc080000, 0x0000000100000000)
  eden space 57856K, 0% used [0x00000000d5580000,0x00000000d5580000,0x00000000d8e00000)
  from space 10752K, 80% used [0x00000000d8e00000,0x00000000d9669f48,0x00000000d9880000)
  to   space 11264K, 0% used [0x00000000db580000,0x00000000db580000,0x00000000dc080000)
 ParOldGen       total 47616K, used 6798K [0x0000000080000000, 0x0000000082e80000, 0x00000000d5580000)
  object space 47616K, 14% used [0x0000000080000000,0x00000000806a3868,0x0000000082e80000)
 Metaspace       used 30882K, capacity 31810K, committed 32048K, reserved 1077248K
  class space    used 4166K, capacity 4368K, committed 4400K, reserved 1048576K
}
Event: 18.190 GC heap before
{Heap before GC invocations=11 (full 1):
 PSYoungGen      total 68608K, used 66471K [0x00000000d5580000, 0x00000000dc080000, 0x0000000100000000)
  eden space 57856K, 100% used [0x00000000d5580000,0x00000000d8e00000,0x00000000d8e00000)
  from space 10752K, 80% used [0x00000000d8e00000,0x00000000d9669f48,0x00000000d9880000)
  to   space 11264K, 0% used [0x00000000db580000,0x00000000db580000,0x00000000dc080000)
 ParOldGen       total 47616K, used 6798K [0x0000000080000000, 0x0000000082e80000, 0x00000000d5580000)
  object space 47616K, 14% used [0x0000000080000000,0x00000000806a3868,0x0000000082e80000)
 Metaspace       used 33747K, capacity 34882K, committed 35120K, reserved 1079296K
  class space    used 4614K, capacity 4894K, committed 4912K, reserved 1048576K
Event: 18.217 GC heap after
Heap after GC invocations=11 (full 1):
 PSYoungGen      total 97280K, used 8962K [0x00000000d5580000, 0x00000000dc180000, 0x0000000100000000)
  eden space 86016K, 0% used [0x00000000d5580000,0x00000000d5580000,0x00000000da980000)
  from space 11264K, 79% used [0x00000000db580000,0x00000000dbe40960,0x00000000dc080000)
  to   space 12288K, 0% used [0x00000000da980000,0x00000000da980000,0x00000000db580000)
 ParOldGen       total 47616K, used 7546K [0x0000000080000000, 0x0000000082e80000, 0x00000000d5580000)
  object space 47616K, 15% used [0x0000000080000000,0x000000008075e9e0,0x0000000082e80000)
 Metaspace       used 33747K, capacity 34882K, committed 35120K, reserved 1079296K
  class space    used 4614K, capacity 4894K, committed 4912K, reserved 1048576K
}
Event: 18.465 GC heap before
{Heap before GC invocations=12 (full 1):
 PSYoungGen      total 97280K, used 21890K [0x00000000d5580000, 0x00000000dc180000, 0x0000000100000000)
  eden space 86016K, 15% used [0x00000000d5580000,0x00000000d6220280,0x00000000da980000)
  from space 11264K, 79% used [0x00000000db580000,0x00000000dbe40960,0x00000000dc080000)
  to   space 12288K, 0% used [0x00000000da980000,0x00000000da980000,0x00000000db580000)
 ParOldGen       total 47616K, used 7546K [0x0000000080000000, 0x0000000082e80000, 0x00000000d5580000)
  object space 47616K, 15% used [0x0000000080000000,0x000000008075e9e0,0x0000000082e80000)
 Metaspace       used 34305K, capacity 35450K, committed 35496K, reserved 1079296K
  class space    used 4712K, capacity 5034K, committed 5040K, reserved 1048576K
Event: 18.493 GC heap after
Heap after GC invocations=12 (full 1):
 PSYoungGen      total 98304K, used 864K [0x00000000d5580000, 0x00000000dee00000, 0x0000000100000000)
  eden space 86016K, 0% used [0x00000000d5580000,0x00000000d5580000,0x00000000da980000)
  from space 12288K, 7% used [0x00000000da980000,0x00000000daa58000,0x00000000db580000)
  to   space 12288K, 0% used [0x00000000de200000,0x00000000de200000,0x00000000dee00000)
 ParOldGen       total 47616K, used 14050K [0x0000000080000000, 0x0000000082e80000, 0x00000000d5580000)
  object space 47616K, 29% used [0x0000000080000000,0x0000000080db8920,0x0000000082e80000)
 Metaspace       used 34305K, capacity 35450K, committed 35496K, reserved 1079296K
  class space    used 4712K, capacity 5034K, committed 5040K, reserved 1048576K
}
Event: 18.493 GC heap before
{Heap before GC invocations=13 (full 2):
 PSYoungGen      total 98304K, used 864K [0x00000000d5580000, 0x00000000dee00000, 0x0000000100000000)
  eden space 86016K, 0% used [0x00000000d5580000,0x00000000d5580000,0x00000000da980000)
  from space 12288K, 7% used [0x00000000da980000,0x00000000daa58000,0x00000000db580000)
  to   space 12288K, 0% used [0x00000000de200000,0x00000000de200000,0x00000000dee00000)
 ParOldGen       total 47616K, used 14050K [0x0000000080000000, 0x0000000082e80000, 0x00000000d5580000)
  object space 47616K, 29% used [0x0000000080000000,0x0000000080db8920,0x0000000082e80000)
 Metaspace       used 34305K, capacity 35450K, committed 35496K, reserved 1079296K
  class space    used 4712K, capacity 5034K, committed 5040K, reserved 1048576K
Event: 18.834 GC heap after
Heap after GC invocations=13 (full 2):
 PSYoungGen      total 98304K, used 0K [0x00000000d5580000, 0x00000000dee00000, 0x0000000100000000)
  eden space 86016K, 0% used [0x00000000d5580000,0x00000000d5580000,0x00000000da980000)
  from space 12288K, 0% used [0x00000000da980000,0x00000000da980000,0x00000000db580000)
  to   space 12288K, 0% used [0x00000000de200000,0x00000000de200000,0x00000000dee00000)
 ParOldGen       total 73728K, used 14436K [0x0000000080000000, 0x0000000084800000, 0x00000000d5580000)
  object space 73728K, 19% used [0x0000000080000000,0x0000000080e191b0,0x0000000084800000)
 Metaspace       used 34305K, capacity 35450K, committed 35496K, reserved 1079296K
  class space    used 4712K, capacity 5034K, committed 5040K, reserved 1048576K
}
Event: 20.478 GC heap before
{Heap before GC invocations=14 (full 2):
 PSYoungGen      total 98304K, used 86016K [0x00000000d5580000, 0x00000000dee00000, 0x0000000100000000)
  eden space 86016K, 100% used [0x00000000d5580000,0x00000000da980000,0x00000000da980000)
  from space 12288K, 0% used [0x00000000da980000,0x00000000da980000,0x00000000db580000)
  to   space 12288K, 0% used [0x00000000de200000,0x00000000de200000,0x00000000dee00000)
 ParOldGen       total 73728K, used 14436K [0x0000000080000000, 0x0000000084800000, 0x00000000d5580000)
  object space 73728K, 19% used [0x0000000080000000,0x0000000080e191b0,0x0000000084800000)
 Metaspace       used 36460K, capacity 37914K, committed 38184K, reserved 1081344K
  class space    used 4985K, capacity 5322K, committed 5424K, reserved 1048576K
Event: 20.504 GC heap after
Heap after GC invocations=14 (full 2):
 PSYoungGen      total 117760K, used 5436K [0x00000000d5580000, 0x00000000de780000, 0x0000000100000000)
  eden space 112128K, 0% used [0x00000000d5580000,0x00000000d5580000,0x00000000dc300000)
  from space 5632K, 96% used [0x00000000de200000,0x00000000de74f330,0x00000000de780000)
  to   space 11776K, 0% used [0x00000000dd080000,0x00000000dd080000,0x00000000ddc00000)
 ParOldGen       total 73728K, used 14444K [0x0000000080000000, 0x0000000084800000, 0x00000000d5580000)
  object space 73728K, 19% used [0x0000000080000000,0x0000000080e1b1b0,0x0000000084800000)
 Metaspace       used 36460K, capacity 37914K, committed 38184K, reserved 1081344K
  class space    used 4985K, capacity 5322K, committed 5424K, reserved 1048576K
}

