# JRE version: OpenJDK Runtime Environment (8.0_242-b01) (build 1.8.0_242-release-1644-b01)
# Java VM: OpenJDK 64-Bit Server VM (25.242-b01 mixed mode windows-amd64 compressed oops)
Heap:
 PSYoungGen      total 113664K, used 45948K [0x00000000d5580000, 0x00000000dea00000, 0x0000000100000000)
  eden space 94208K, 48% used [0x00000000d5580000,0x00000000d825f010,0x00000000db180000)
  from space 19456K, 0% used [0x00000000dc680000,0x00000000dc680000,0x00000000dd980000)
  to   space 21504K, 0% used [0x00000000db180000,0x00000000db180000,0x00000000dc680000)
 ParOldGen       total 102400K, used 30174K [0x0000000080000000, 0x0000000086400000, 0x00000000d5580000)
  object space 102400K, 29% used [0x0000000080000000,0x0000000081d77ae0,0x0000000086400000)
 Metaspace       used 58163K, capacity 60514K, committed 60888K, reserved 1101824K
  class space    used 7597K, capacity 8101K, committed 8192K, reserved 1048576K
GC Heap History (10 events):
Event: 36.690 GC heap before
{Heap before GC invocations=15 (full 2):
 PSYoungGen      total 73216K, used 70476K [0x00000000d5580000, 0x00000000dac00000, 0x0000000100000000)
  eden space 61952K, 100% used [0x00000000d5580000,0x00000000d9200000,0x00000000d9200000)
  from space 11264K, 75% used [0x00000000d9d80000,0x00000000da5d3320,0x00000000da880000)
  to   space 11776K, 0% used [0x00000000d9200000,0x00000000d9200000,0x00000000d9d80000)
 ParOldGen       total 102400K, used 15493K [0x0000000080000000, 0x0000000086400000, 0x00000000d5580000)
  object space 102400K, 15% used [0x0000000080000000,0x0000000080f21798,0x0000000086400000)
 Metaspace       used 42176K, capacity 44044K, committed 44288K, reserved 1087488K
  class space    used 5641K, capacity 6035K, committed 6144K, reserved 1048576K
Event: 36.704 GC heap after
Heap after GC invocations=15 (full 2):
 PSYoungGen      total 73728K, used 10296K [0x00000000d5580000, 0x00000000dbb00000, 0x0000000100000000)
  eden space 61952K, 0% used [0x00000000d5580000,0x00000000d5580000,0x00000000d9200000)
  from space 11776K, 87% used [0x00000000d9200000,0x00000000d9c0e2e8,0x00000000d9d80000)
  to   space 12800K, 0% used [0x00000000dae80000,0x00000000dae80000,0x00000000dbb00000)
 ParOldGen       total 102400K, used 15501K [0x0000000080000000, 0x0000000086400000, 0x00000000d5580000)
  object space 102400K, 15% used [0x0000000080000000,0x0000000080f23798,0x0000000086400000)
 Metaspace       used 42176K, capacity 44044K, committed 44288K, reserved 1087488K
  class space    used 5641K, capacity 6035K, committed 6144K, reserved 1048576K
}
Event: 41.660 GC heap before
{Heap before GC invocations=16 (full 2):
 PSYoungGen      total 73728K, used 72248K [0x00000000d5580000, 0x00000000dbb00000, 0x0000000100000000)
  eden space 61952K, 100% used [0x00000000d5580000,0x00000000d9200000,0x00000000d9200000)
  from space 11776K, 87% used [0x00000000d9200000,0x00000000d9c0e2e8,0x00000000d9d80000)
  to   space 12800K, 0% used [0x00000000dae80000,0x00000000dae80000,0x00000000dbb00000)
 ParOldGen       total 102400K, used 15501K [0x0000000080000000, 0x0000000086400000, 0x00000000d5580000)
  object space 102400K, 15% used [0x0000000080000000,0x0000000080f23798,0x0000000086400000)
 Metaspace       used 48464K, capacity 50556K, committed 50944K, reserved 1093632K
  class space    used 6421K, capacity 6868K, committed 6912K, reserved 1048576K
Event: 41.682 GC heap after
Heap after GC invocations=16 (full 2):
 PSYoungGen      total 88576K, used 12777K [0x00000000d5580000, 0x00000000dbf00000, 0x0000000100000000)
  eden space 75776K, 0% used [0x00000000d5580000,0x00000000d5580000,0x00000000d9f80000)
  from space 12800K, 99% used [0x00000000dae80000,0x00000000dbafa5d0,0x00000000dbb00000)
  to   space 15360K, 0% used [0x00000000d9f80000,0x00000000d9f80000,0x00000000dae80000)
 ParOldGen       total 102400K, used 18808K [0x0000000080000000, 0x0000000086400000, 0x00000000d5580000)
  object space 102400K, 18% used [0x0000000080000000,0x000000008125e3f0,0x0000000086400000)
 Metaspace       used 48464K, capacity 50556K, committed 50944K, reserved 1093632K
  class space    used 6421K, capacity 6868K, committed 6912K, reserved 1048576K
}
Event: 44.897 GC heap before
{Heap before GC invocations=17 (full 2):
 PSYoungGen      total 88576K, used 88553K [0x00000000d5580000, 0x00000000dbf00000, 0x0000000100000000)
  eden space 75776K, 100% used [0x00000000d5580000,0x00000000d9f80000,0x00000000d9f80000)
  from space 12800K, 99% used [0x00000000dae80000,0x00000000dbafa5d0,0x00000000dbb00000)
  to   space 15360K, 0% used [0x00000000d9f80000,0x00000000d9f80000,0x00000000dae80000)
 ParOldGen       total 102400K, used 18808K [0x0000000080000000, 0x0000000086400000, 0x00000000d5580000)
  object space 102400K, 18% used [0x0000000080000000,0x000000008125e3f0,0x0000000086400000)
 Metaspace       used 55831K, capacity 58096K, committed 58368K, reserved 1099776K
  class space    used 7313K, capacity 7830K, committed 7936K, reserved 1048576K
Event: 44.931 GC heap after
Heap after GC invocations=17 (full 2):
 PSYoungGen      total 91136K, used 15336K [0x00000000d5580000, 0x00000000dd980000, 0x0000000100000000)
  eden space 75776K, 0% used [0x00000000d5580000,0x00000000d5580000,0x00000000d9f80000)
  from space 15360K, 99% used [0x00000000d9f80000,0x00000000dae7a3d0,0x00000000dae80000)
  to   space 19456K, 0% used [0x00000000dc680000,0x00000000dc680000,0x00000000dd980000)
 ParOldGen       total 102400K, used 24149K [0x0000000080000000, 0x0000000086400000, 0x00000000d5580000)
  object space 102400K, 23% used [0x0000000080000000,0x00000000817956e0,0x0000000086400000)
 Metaspace       used 55831K, capacity 58096K, committed 58368K, reserved 1099776K
  class space    used 7313K, capacity 7830K, committed 7936K, reserved 1048576K
}
Event: 45.259 GC heap before
{Heap before GC invocations=18 (full 2):
 PSYoungGen      total 91136K, used 25257K [0x00000000d5580000, 0x00000000dd980000, 0x0000000100000000)
  eden space 75776K, 13% used [0x00000000d5580000,0x00000000d5f30328,0x00000000d9f80000)
  from space 15360K, 99% used [0x00000000d9f80000,0x00000000dae7a3d0,0x00000000dae80000)
  to   space 19456K, 0% used [0x00000000dc680000,0x00000000dc680000,0x00000000dd980000)
 ParOldGen       total 102400K, used 24149K [0x0000000080000000, 0x0000000086400000, 0x00000000d5580000)
  object space 102400K, 23% used [0x0000000080000000,0x00000000817956e0,0x0000000086400000)
 Metaspace       used 56655K, capacity 58980K, committed 59096K, reserved 1099776K
  class space    used 7419K, capacity 7908K, committed 7936K, reserved 1048576K
Event: 45.285 GC heap after
Heap after GC invocations=18 (full 2):
 PSYoungGen      total 113664K, used 16671K [0x00000000d5580000, 0x00000000dea00000, 0x0000000100000000)
  eden space 94208K, 0% used [0x00000000d5580000,0x00000000d5580000,0x00000000db180000)
  from space 19456K, 85% used [0x00000000dc680000,0x00000000dd6c7e28,0x00000000dd980000)
  to   space 21504K, 0% used [0x00000000db180000,0x00000000db180000,0x00000000dc680000)
 ParOldGen       total 102400K, used 24149K [0x0000000080000000, 0x0000000086400000, 0x00000000d5580000)
  object space 102400K, 23% used [0x0000000080000000,0x00000000817956e0,0x0000000086400000)
 Metaspace       used 56655K, capacity 58980K, committed 59096K, reserved 1099776K
  class space    used 7419K, capacity 7908K, committed 7936K, reserved 1048576K
}
Event: 45.285 GC heap before
{Heap before GC invocations=19 (full 3):
 PSYoungGen      total 113664K, used 16671K [0x00000000d5580000, 0x00000000dea00000, 0x0000000100000000)
  eden space 94208K, 0% used [0x00000000d5580000,0x00000000d5580000,0x00000000db180000)
  from space 19456K, 85% used [0x00000000dc680000,0x00000000dd6c7e28,0x00000000dd980000)
  to   space 21504K, 0% used [0x00000000db180000,0x00000000db180000,0x00000000dc680000)
 ParOldGen       total 102400K, used 24149K [0x0000000080000000, 0x0000000086400000, 0x00000000d5580000)
  object space 102400K, 23% used [0x0000000080000000,0x00000000817956e0,0x0000000086400000)
 Metaspace       used 56655K, capacity 58980K, committed 59096K, reserved 1099776K
  class space    used 7419K, capacity 7908K, committed 7936K, reserved 1048576K
Event: 45.633 GC heap after
Heap after GC invocations=19 (full 3):
 PSYoungGen      total 113664K, used 0K [0x00000000d5580000, 0x00000000dea00000, 0x0000000100000000)
  eden space 94208K, 0% used [0x00000000d5580000,0x00000000d5580000,0x00000000db180000)
  from space 19456K, 0% used [0x00000000dc680000,0x00000000dc680000,0x00000000dd980000)
  to   space 21504K, 0% used [0x00000000db180000,0x00000000db180000,0x00000000dc680000)
 ParOldGen       total 102400K, used 30174K [0x0000000080000000, 0x0000000086400000, 0x00000000d5580000)
  object space 102400K, 29% used [0x0000000080000000,0x0000000081d77ae0,0x0000000086400000)
 Metaspace       used 56598K, capacity 58840K, committed 59096K, reserved 1099776K
  class space    used 7405K, capacity 7890K, committed 7936K, reserved 1048576K
}

