# JRE version: OpenJDK Runtime Environment (8.0_242-b01) (build 1.8.0_242-release-1644-b01)
# Java VM: OpenJDK 64-Bit Server VM (25.242-b01 mixed mode windows-amd64 compressed oops)
Heap:
 PSYoungGen      total 141824K, used 103584K [0x00000000d5580000, 0x00000000e0b00000, 0x0000000100000000)
  eden space 128000K, 80% used [0x00000000d5580000,0x00000000dbaa81c8,0x00000000dd280000)
  from space 13824K, 0% used [0x00000000dfd80000,0x00000000dfd80000,0x00000000e0b00000)
  to   space 10240K, 0% used [0x00000000dd280000,0x00000000dd280000,0x00000000ddc80000)
 ParOldGen       total 120320K, used 24757K [0x0000000080000000, 0x0000000087580000, 0x00000000d5580000)
  object space 120320K, 20% used [0x0000000080000000,0x000000008182d488,0x0000000087580000)
 Metaspace       used 52489K, capacity 54552K, committed 54824K, reserved 1097728K
  class space    used 6980K, capacity 7472K, committed 7472K, reserved 1048576K
GC Heap History (10 events):
Event: 14.348 GC heap before
{Heap before GC invocations=9 (full 1):
 PSYoungGen      total 138240K, used 43621K [0x00000000d5580000, 0x00000000de680000, 0x0000000100000000)
  eden space 128000K, 26% used [0x00000000d5580000,0x00000000d7620650,0x00000000dd280000)
  from space 10240K, 99% used [0x00000000dd280000,0x00000000ddc78f20,0x00000000ddc80000)
  to   space 10240K, 0% used [0x00000000ddc80000,0x00000000ddc80000,0x00000000de680000)
 ParOldGen       total 53248K, used 12086K [0x0000000080000000, 0x0000000083400000, 0x00000000d5580000)
  object space 53248K, 22% used [0x0000000080000000,0x0000000080bcda40,0x0000000083400000)
 Metaspace       used 34292K, capacity 35438K, committed 35496K, reserved 1079296K
  class space    used 4712K, capacity 5034K, committed 5040K, reserved 1048576K
Event: 14.378 GC heap after
Heap after GC invocations=9 (full 1):
 PSYoungGen      total 138240K, used 8884K [0x00000000d5580000, 0x00000000de680000, 0x0000000100000000)
  eden space 128000K, 0% used [0x00000000d5580000,0x00000000d5580000,0x00000000dd280000)
  from space 10240K, 86% used [0x00000000ddc80000,0x00000000de52d200,0x00000000de680000)
  to   space 10240K, 0% used [0x00000000dd280000,0x00000000dd280000,0x00000000ddc80000)
 ParOldGen       total 53248K, used 12094K [0x0000000080000000, 0x0000000083400000, 0x00000000d5580000)
  object space 53248K, 22% used [0x0000000080000000,0x0000000080bcfa40,0x0000000083400000)
 Metaspace       used 34292K, capacity 35438K, committed 35496K, reserved 1079296K
  class space    used 4712K, capacity 5034K, committed 5040K, reserved 1048576K
}
Event: 14.378 GC heap before
{Heap before GC invocations=10 (full 2):
 PSYoungGen      total 138240K, used 8884K [0x00000000d5580000, 0x00000000de680000, 0x0000000100000000)
  eden space 128000K, 0% used [0x00000000d5580000,0x00000000d5580000,0x00000000dd280000)
  from space 10240K, 86% used [0x00000000ddc80000,0x00000000de52d200,0x00000000de680000)
  to   space 10240K, 0% used [0x00000000dd280000,0x00000000dd280000,0x00000000ddc80000)
 ParOldGen       total 53248K, used 12094K [0x0000000080000000, 0x0000000083400000, 0x00000000d5580000)
  object space 53248K, 22% used [0x0000000080000000,0x0000000080bcfa40,0x0000000083400000)
 Metaspace       used 34292K, capacity 35438K, committed 35496K, reserved 1079296K
  class space    used 4712K, capacity 5034K, committed 5040K, reserved 1048576K
Event: 14.652 GC heap after
Heap after GC invocations=10 (full 2):
 PSYoungGen      total 138240K, used 0K [0x00000000d5580000, 0x00000000de680000, 0x0000000100000000)
  eden space 128000K, 0% used [0x00000000d5580000,0x00000000d5580000,0x00000000dd280000)
  from space 10240K, 0% used [0x00000000ddc80000,0x00000000ddc80000,0x00000000de680000)
  to   space 10240K, 0% used [0x00000000dd280000,0x00000000dd280000,0x00000000ddc80000)
 ParOldGen       total 83456K, used 15225K [0x0000000080000000, 0x0000000085180000, 0x00000000d5580000)
  object space 83456K, 18% used [0x0000000080000000,0x0000000080ede470,0x0000000085180000)
 Metaspace       used 34292K, capacity 35438K, committed 35496K, reserved 1079296K
  class space    used 4712K, capacity 5034K, committed 5040K, reserved 1048576K
}
Event: 17.149 GC heap before
{Heap before GC invocations=11 (full 2):
 PSYoungGen      total 138240K, used 128000K [0x00000000d5580000, 0x00000000de680000, 0x0000000100000000)
  eden space 128000K, 100% used [0x00000000d5580000,0x00000000dd280000,0x00000000dd280000)
  from space 10240K, 0% used [0x00000000ddc80000,0x00000000ddc80000,0x00000000de680000)
  to   space 10240K, 0% used [0x00000000dd280000,0x00000000dd280000,0x00000000ddc80000)
 ParOldGen       total 83456K, used 15225K [0x0000000080000000, 0x0000000085180000, 0x00000000d5580000)
  object space 83456K, 18% used [0x0000000080000000,0x0000000080ede470,0x0000000085180000)
 Metaspace       used 38190K, capacity 39880K, committed 39976K, reserved 1083392K
  class space    used 5248K, capacity 5638K, committed 5680K, reserved 1048576K
Event: 17.171 GC heap after
Heap after GC invocations=11 (full 2):
 PSYoungGen      total 138240K, used 8832K [0x00000000d5580000, 0x00000000e0b00000, 0x0000000100000000)
  eden space 128000K, 0% used [0x00000000d5580000,0x00000000d5580000,0x00000000dd280000)
  from space 10240K, 86% used [0x00000000dd280000,0x00000000ddb20260,0x00000000ddc80000)
  to   space 13824K, 0% used [0x00000000dfd80000,0x00000000dfd80000,0x00000000e0b00000)
 ParOldGen       total 83456K, used 15233K [0x0000000080000000, 0x0000000085180000, 0x00000000d5580000)
  object space 83456K, 18% used [0x0000000080000000,0x0000000080ee0470,0x0000000085180000)
 Metaspace       used 38190K, capacity 39880K, committed 39976K, reserved 1083392K
  class space    used 5248K, capacity 5638K, committed 5680K, reserved 1048576K
}
Event: 18.875 GC heap before
{Heap before GC invocations=12 (full 2):
 PSYoungGen      total 138240K, used 65177K [0x00000000d5580000, 0x00000000e0b00000, 0x0000000100000000)
  eden space 128000K, 44% used [0x00000000d5580000,0x00000000d8c862b0,0x00000000dd280000)
  from space 10240K, 86% used [0x00000000dd280000,0x00000000ddb20260,0x00000000ddc80000)
  to   space 13824K, 0% used [0x00000000dfd80000,0x00000000dfd80000,0x00000000e0b00000)
 ParOldGen       total 83456K, used 15233K [0x0000000080000000, 0x0000000085180000, 0x00000000d5580000)
  object space 83456K, 18% used [0x0000000080000000,0x0000000080ee0470,0x0000000085180000)
 Metaspace       used 45022K, capacity 46834K, committed 47016K, reserved 1093632K
  class space    used 6082K, capacity 6479K, committed 6576K, reserved 1048576K
Event: 18.903 GC heap after
Heap after GC invocations=12 (full 2):
 PSYoungGen      total 141824K, used 12202K [0x00000000d5580000, 0x00000000e0b00000, 0x0000000100000000)
  eden space 128000K, 0% used [0x00000000d5580000,0x00000000d5580000,0x00000000dd280000)
  from space 13824K, 88% used [0x00000000dfd80000,0x00000000e096aad8,0x00000000e0b00000)
  to   space 10240K, 0% used [0x00000000dd280000,0x00000000dd280000,0x00000000ddc80000)
 ParOldGen       total 83456K, used 15241K [0x0000000080000000, 0x0000000085180000, 0x00000000d5580000)
  object space 83456K, 18% used [0x0000000080000000,0x0000000080ee2470,0x0000000085180000)
 Metaspace       used 45022K, capacity 46834K, committed 47016K, reserved 1093632K
  class space    used 6082K, capacity 6479K, committed 6576K, reserved 1048576K
}
Event: 18.903 GC heap before
{Heap before GC invocations=13 (full 3):
 PSYoungGen      total 141824K, used 12202K [0x00000000d5580000, 0x00000000e0b00000, 0x0000000100000000)
  eden space 128000K, 0% used [0x00000000d5580000,0x00000000d5580000,0x00000000dd280000)
  from space 13824K, 88% used [0x00000000dfd80000,0x00000000e096aad8,0x00000000e0b00000)
  to   space 10240K, 0% used [0x00000000dd280000,0x00000000dd280000,0x00000000ddc80000)
 ParOldGen       total 83456K, used 15241K [0x0000000080000000, 0x0000000085180000, 0x00000000d5580000)
  object space 83456K, 18% used [0x0000000080000000,0x0000000080ee2470,0x0000000085180000)
 Metaspace       used 45022K, capacity 46834K, committed 47016K, reserved 1093632K
  class space    used 6082K, capacity 6479K, committed 6576K, reserved 1048576K
Event: 19.357 GC heap after
Heap after GC invocations=13 (full 3):
 PSYoungGen      total 141824K, used 0K [0x00000000d5580000, 0x00000000e0b00000, 0x0000000100000000)
  eden space 128000K, 0% used [0x00000000d5580000,0x00000000d5580000,0x00000000dd280000)
  from space 13824K, 0% used [0x00000000dfd80000,0x00000000dfd80000,0x00000000e0b00000)
  to   space 10240K, 0% used [0x00000000dd280000,0x00000000dd280000,0x00000000ddc80000)
 ParOldGen       total 120320K, used 24757K [0x0000000080000000, 0x0000000087580000, 0x00000000d5580000)
  object space 120320K, 20% used [0x0000000080000000,0x000000008182d488,0x0000000087580000)
 Metaspace       used 45008K, capacity 46786K, committed 47016K, reserved 1091584K
  class space    used 6077K, capacity 6471K, committed 6576K, reserved 1048576K
}

