# JRE version: OpenJDK Runtime Environment (8.0_242-b01) (build 1.8.0_242-release-1644-b01)
# Java VM: OpenJDK 64-Bit Server VM (25.242-b01 mixed mode windows-amd64 compressed oops)
Heap:
 PSYoungGen      total 136192K, used 92598K [0x00000000d5580000, 0x00000000df300000, 0x0000000100000000)
  eden space 126464K, 65% used [0x00000000d5580000,0x00000000da69d710,0x00000000dd100000)
  from space 9728K, 98% used [0x00000000de980000,0x00000000df2d0358,0x00000000df300000)
  to   space 12288K, 0% used [0x00000000ddb00000,0x00000000ddb00000,0x00000000de700000)
 ParOldGen       total 59392K, used 15126K [0x0000000080000000, 0x0000000083a00000, 0x00000000d5580000)
  object space 59392K, 25% used [0x0000000080000000,0x0000000080ec5908,0x0000000083a00000)
 Metaspace       used 42883K, capacity 44938K, committed 45272K, reserved 1087488K
  class space    used 5848K, capacity 6297K, committed 6400K, reserved 1048576K
GC Heap History (10 events):
Event: 11.404 GC heap before
{Heap before GC invocations=8 (full 1):
 PSYoungGen      total 74240K, used 64512K [0x00000000d5580000, 0x00000000daa80000, 0x0000000100000000)
  eden space 64512K, 100% used [0x00000000d5580000,0x00000000d9480000,0x00000000d9480000)
  from space 9728K, 0% used [0x00000000d9f00000,0x00000000d9f00000,0x00000000da880000)
  to   space 10752K, 0% used [0x00000000d9480000,0x00000000d9480000,0x00000000d9f00000)
 ParOldGen       total 59392K, used 9185K [0x0000000080000000, 0x0000000083a00000, 0x00000000d5580000)
  object space 59392K, 15% used [0x0000000080000000,0x00000000808f8710,0x0000000083a00000)
 Metaspace       used 24925K, capacity 25890K, committed 26112K, reserved 1071104K
  class space    used 3563K, capacity 3819K, committed 3840K, reserved 1048576K
Event: 11.415 GC heap after
Heap after GC invocations=8 (full 1):
 PSYoungGen      total 75264K, used 6135K [0x00000000d5580000, 0x00000000dcb80000, 0x0000000100000000)
  eden space 64512K, 0% used [0x00000000d5580000,0x00000000d5580000,0x00000000d9480000)
  from space 10752K, 57% used [0x00000000d9480000,0x00000000d9a7df50,0x00000000d9f00000)
  to   space 10240K, 0% used [0x00000000dc180000,0x00000000dc180000,0x00000000dcb80000)
 ParOldGen       total 59392K, used 9193K [0x0000000080000000, 0x0000000083a00000, 0x00000000d5580000)
  object space 59392K, 15% used [0x0000000080000000,0x00000000808fa710,0x0000000083a00000)
 Metaspace       used 24925K, capacity 25890K, committed 26112K, reserved 1071104K
  class space    used 3563K, capacity 3819K, committed 3840K, reserved 1048576K
}
Event: 13.520 GC heap before
{Heap before GC invocations=9 (full 1):
 PSYoungGen      total 75264K, used 70647K [0x00000000d5580000, 0x00000000dcb80000, 0x0000000100000000)
  eden space 64512K, 100% used [0x00000000d5580000,0x00000000d9480000,0x00000000d9480000)
  from space 10752K, 57% used [0x00000000d9480000,0x00000000d9a7df50,0x00000000d9f00000)
  to   space 10240K, 0% used [0x00000000dc180000,0x00000000dc180000,0x00000000dcb80000)
 ParOldGen       total 59392K, used 9193K [0x0000000080000000, 0x0000000083a00000, 0x00000000d5580000)
  object space 59392K, 15% used [0x0000000080000000,0x00000000808fa710,0x0000000083a00000)
 Metaspace       used 32990K, capacity 34132K, committed 34304K, reserved 1079296K
  class space    used 4452K, capacity 4777K, committed 4864K, reserved 1048576K
Event: 13.551 GC heap after
Heap after GC invocations=9 (full 1):
 PSYoungGen      total 109056K, used 10237K [0x00000000d5580000, 0x00000000dcf00000, 0x0000000100000000)
  eden space 98816K, 0% used [0x00000000d5580000,0x00000000d5580000,0x00000000db600000)
  from space 10240K, 99% used [0x00000000dc180000,0x00000000dcb7f4d0,0x00000000dcb80000)
  to   space 11776K, 0% used [0x00000000db600000,0x00000000db600000,0x00000000dc180000)
 ParOldGen       total 59392K, used 9380K [0x0000000080000000, 0x0000000083a00000, 0x00000000d5580000)
  object space 59392K, 15% used [0x0000000080000000,0x0000000080929000,0x0000000083a00000)
 Metaspace       used 32990K, capacity 34132K, committed 34304K, reserved 1079296K
  class space    used 4452K, capacity 4777K, committed 4864K, reserved 1048576K
}
Event: 14.660 GC heap before
{Heap before GC invocations=10 (full 1):
 PSYoungGen      total 109056K, used 37061K [0x00000000d5580000, 0x00000000dcf00000, 0x0000000100000000)
  eden space 98816K, 27% used [0x00000000d5580000,0x00000000d6fb20e8,0x00000000db600000)
  from space 10240K, 99% used [0x00000000dc180000,0x00000000dcb7f4d0,0x00000000dcb80000)
  to   space 11776K, 0% used [0x00000000db600000,0x00000000db600000,0x00000000dc180000)
 ParOldGen       total 59392K, used 9380K [0x0000000080000000, 0x0000000083a00000, 0x00000000d5580000)
  object space 59392K, 15% used [0x0000000080000000,0x0000000080929000,0x0000000083a00000)
 Metaspace       used 34054K, capacity 35246K, committed 35416K, reserved 1079296K
  class space    used 4584K, capacity 4880K, committed 4992K, reserved 1048576K
Event: 14.718 GC heap after
Heap after GC invocations=10 (full 1):
 PSYoungGen      total 110592K, used 8639K [0x00000000d5580000, 0x00000000df500000, 0x0000000100000000)
  eden space 98816K, 0% used [0x00000000d5580000,0x00000000d5580000,0x00000000db600000)
  from space 11776K, 73% used [0x00000000db600000,0x00000000dbe6fc68,0x00000000dc180000)
  to   space 11776K, 0% used [0x00000000de980000,0x00000000de980000,0x00000000df500000)
 ParOldGen       total 59392K, used 9388K [0x0000000080000000, 0x0000000083a00000, 0x00000000d5580000)
  object space 59392K, 15% used [0x0000000080000000,0x000000008092b000,0x0000000083a00000)
 Metaspace       used 34054K, capacity 35246K, committed 35416K, reserved 1079296K
  class space    used 4584K, capacity 4880K, committed 4992K, reserved 1048576K
}
Event: 14.718 GC heap before
{Heap before GC invocations=11 (full 2):
 PSYoungGen      total 110592K, used 8639K [0x00000000d5580000, 0x00000000df500000, 0x0000000100000000)
  eden space 98816K, 0% used [0x00000000d5580000,0x00000000d5580000,0x00000000db600000)
  from space 11776K, 73% used [0x00000000db600000,0x00000000dbe6fc68,0x00000000dc180000)
  to   space 11776K, 0% used [0x00000000de980000,0x00000000de980000,0x00000000df500000)
 ParOldGen       total 59392K, used 9388K [0x0000000080000000, 0x0000000083a00000, 0x00000000d5580000)
  object space 59392K, 15% used [0x0000000080000000,0x000000008092b000,0x0000000083a00000)
 Metaspace       used 34054K, capacity 35246K, committed 35416K, reserved 1079296K
  class space    used 4584K, capacity 4880K, committed 4992K, reserved 1048576K
Event: 14.893 GC heap after
Heap after GC invocations=11 (full 2):
 PSYoungGen      total 110592K, used 0K [0x00000000d5580000, 0x00000000df500000, 0x0000000100000000)
  eden space 98816K, 0% used [0x00000000d5580000,0x00000000d5580000,0x00000000db600000)
  from space 11776K, 0% used [0x00000000db600000,0x00000000db600000,0x00000000dc180000)
  to   space 11776K, 0% used [0x00000000de980000,0x00000000de980000,0x00000000df500000)
 ParOldGen       total 59392K, used 15126K [0x0000000080000000, 0x0000000083a00000, 0x00000000d5580000)
  object space 59392K, 25% used [0x0000000080000000,0x0000000080ec5908,0x0000000083a00000)
 Metaspace       used 34054K, capacity 35246K, committed 35416K, reserved 1079296K
  class space    used 4584K, capacity 4880K, committed 4992K, reserved 1048576K
}
Event: 17.967 GC heap before
{Heap before GC invocations=12 (full 2):
 PSYoungGen      total 110592K, used 98816K [0x00000000d5580000, 0x00000000df500000, 0x0000000100000000)
  eden space 98816K, 100% used [0x00000000d5580000,0x00000000db600000,0x00000000db600000)
  from space 11776K, 0% used [0x00000000db600000,0x00000000db600000,0x00000000dc180000)
  to   space 11776K, 0% used [0x00000000de980000,0x00000000de980000,0x00000000df500000)
 ParOldGen       total 59392K, used 15126K [0x0000000080000000, 0x0000000083a00000, 0x00000000d5580000)
  object space 59392K, 25% used [0x0000000080000000,0x0000000080ec5908,0x0000000083a00000)
 Metaspace       used 38412K, capacity 40220K, committed 40280K, reserved 1083392K
  class space    used 5282K, capacity 5709K, committed 5760K, reserved 1048576K
Event: 17.987 GC heap after
Heap after GC invocations=12 (full 2):
 PSYoungGen      total 136192K, used 9536K [0x00000000d5580000, 0x00000000df300000, 0x0000000100000000)
  eden space 126464K, 0% used [0x00000000d5580000,0x00000000d5580000,0x00000000dd100000)
  from space 9728K, 98% used [0x00000000de980000,0x00000000df2d0358,0x00000000df300000)
  to   space 12288K, 0% used [0x00000000ddb00000,0x00000000ddb00000,0x00000000de700000)
 ParOldGen       total 59392K, used 15126K [0x0000000080000000, 0x0000000083a00000, 0x00000000d5580000)
  object space 59392K, 25% used [0x0000000080000000,0x0000000080ec5908,0x0000000083a00000)
 Metaspace       used 38412K, capacity 40220K, committed 40280K, reserved 1083392K
  class space    used 5282K, capacity 5709K, committed 5760K, reserved 1048576K
}

